[0] Build.PL 131 main - 
Warning: 

This library installation will install R as part of the TMPL package.
If this machine is not connected to the internet, then R must be installed
maunally. If R is not installed, then this build will fail. 

R requires the gcc and gfortran compiler ( packaged as gcc ) to be installed, 
or the build will fail. If gcc and gfortran is not installed or you are unsure 
if gcc and gfortran is installed, please exit this installer and verfiy/install 
gcc and gfortran. GNU GCC can be found as a binary at 
http://gcc.gnu.org/wiki/GFortranBinaries. 

NOTE: 	Most non-MacOS UNIX systems already come with gcc and gfortran installed.
	The Windows gcc/gfortran distribution is called MinGW
      	The MacOS gcc/gfortran distribution can be installed from MacPorts as gccXX,
	where XX is the latest gcc release number ( e.g. gcc48 ) or, alternatively,
	MinGW can be installed.

R requires X11 to be installed. If X11 is not installed or you are unsure if
X11 is installed, please exit this installer and verify/install X11. 

Continue with build? (y/n) 
[1503] Build.PL 301 main - Testing internet connection...
[1504] Build.PL 304 main - No network connection detected
[1633] Build.PL 152 main - 
::::::::::::::::::::::::::::::::::::::::::::::::::::::::::::::::::::::::::::::::: 
:										:
: 		 	    Installing Modules				        :
:										:
:::::::::::::::::::::::::::::::::::::::::::::::::::::::::::::::::::::::::::::::::

[1634] Build.PL 160 main - 
Unable to establish connection with CPAN. Installing modules from 
archive. This process may fail due to missing dependencies on the
system. It is recommended to connect to the internet and retry install
[1634] Build.PL 162 main - Continue with install? (y/n) 
[2612] Build.PL 570 main - Archive:  archive.zip
[2612] Build.PL 570 main -    creating: Archive/
[2613] Build.PL 570 main -   inflating: Archive/.DS_Store       
[2614] Build.PL 570 main -   inflating: Archive/Capture-Tiny-0.19.tar  
[2617] Build.PL 570 main -   inflating: Archive/File-HomeDir-0.99.tar  
[2618] Build.PL 570 main -   inflating: Archive/File-Which-1.09.tar  
[2619] Build.PL 570 main -   inflating: Archive/Filter-Simple-0.88.tar  
[2619] Build.PL 570 main -   inflating: Archive/HTTP-Date-6.02.tar  
[2622] Build.PL 570 main -   inflating: Archive/HTTP-Message-6.03.tar  
[2626] Build.PL 570 main -   inflating: Archive/IPC-Run-0.91.tar  
[2630] Build.PL 570 main -   inflating: Archive/libwww-perl-6.04.tar  
[2633] Build.PL 570 main -   inflating: Archive/Log-Agent-0.307.tar  
[2635] Build.PL 570 main -   inflating: Archive/Mac-SystemDirectory-0.06.tar  
[2641] Build.PL 570 main -   inflating: Archive/Module-Implementation-0.06.tar  
[2641] Build.PL 570 main -   inflating: Archive/Module-Runtime-0.013.tar  
[2641] Build.PL 570 main -   inflating: Archive/Params-Validate-1.06.tar  
[2648] Build.PL 570 main -   inflating: Archive/Regexp-Common-2011121001.tar  
[2649] Build.PL 570 main -   inflating: Archive/Statistics-R-0.27.tar  
[2650] Build.PL 570 main -   inflating: Archive/Term-Prompt-1.04.tar  
[2651] Build.PL 570 main -   inflating: Archive/Term-ReadKey-2.14.tar  
[2652] Build.PL 570 main -   inflating: Archive/Try-Tiny-0.11.tar  
[2656] Build.PL 570 main -   inflating: Archive/URI-1.60.tar    
[2677] Build.PL 570 main -   inflating: Archive/XML-LibXML-2.0004.tar  
[2678] Build.PL 379 main - 
::::::::::::::::::::::::::::::::::::::::::::::::::::::::::::::::::::::::::::::::: 
:										:
: 		 	    Installing Modules				        :
:										:
:::::::::::::::::::::::::::::::::::::::::::::::::::::::::::::::::::::::::::::::::

[2684] Build.PL 570 main - Archive:  archive/Capture-Tiny-0.19.tar
[2684] Build.PL 570 main -   End-of-central-directory signature not found.  Either this file is not
[2684] Build.PL 570 main -   a zipfile, or it constitutes one disk of a multi-part archive.  In the
[2685] Build.PL 570 main -   latter case the central directory and zipfile comment will be found on
[2685] Build.PL 570 main -   the last disk(s) of this archive.
[2685] Build.PL 570 main - unzip:  cannot find zipfile directory in one of archive/Capture-Tiny-0.19.tar or
[2685] Build.PL 570 main -         archive/Capture-Tiny-0.19.tar.zip, and cannot find archive/Capture-Tiny-0.19.tar.ZIP, period.
[2686] Build.PL 386 main - Failed to unzip modules:
	at cmd 'unzip archive/Capture-Tiny-0.19.tar':
	 
